2026-01-22 12:20:56,449 INFO: Aplikace spuštìna [in C:\Users\Thu\Downloads\odberos\site\app.py:68]
2026-01-22 12:20:58,269 INFO: Naèteno 2 poboèek, vybraný rok: 2026, mìsíc: None, poboèka: None [in C:\Users\Thu\Downloads\odberos\site\app.py:1353]
2026-01-22 12:20:58,285 INFO: Celkem v DB: 2 odbìrù, 1 reklamací [in C:\Users\Thu\Downloads\odberos\site\app.py:1361]
2026-01-22 12:20:58,294 INFO: Po filtrování podle roku 2026: 2 odbìrù, 1 reklamací [in C:\Users\Thu\Downloads\odberos\site\app.py:1375]
2026-01-22 12:20:58,485 INFO: Celkem odbìrù: 2, vydáno: 0, èástka: 0 [in C:\Users\Thu\Downloads\odberos\site\app.py:1482]
2026-01-22 12:20:58,494 INFO: Celkem reklamací: 1, cena: 799.0 [in C:\Users\Thu\Downloads\odberos\site\app.py:1491]
2026-01-22 12:21:11,450 INFO: Naèteno 2 poboèek, vybraný rok: 2026, mìsíc: None, poboèka: None [in C:\Users\Thu\Downloads\odberos\site\app.py:1353]
2026-01-22 12:21:11,453 INFO: Celkem v DB: 2 odbìrù, 1 reklamací [in C:\Users\Thu\Downloads\odberos\site\app.py:1361]
2026-01-22 12:21:11,457 INFO: Po filtrování podle roku 2026: 2 odbìrù, 1 reklamací [in C:\Users\Thu\Downloads\odberos\site\app.py:1375]
2026-01-22 12:21:11,552 INFO: Celkem odbìrù: 2, vydáno: 0, èástka: 0 [in C:\Users\Thu\Downloads\odberos\site\app.py:1482]
2026-01-22 12:21:11,561 INFO: Celkem reklamací: 1, cena: 799.0 [in C:\Users\Thu\Downloads\odberos\site\app.py:1491]
2026-01-22 12:35:07,015 INFO: Naèteno 2 poboèek, vybraný rok: 2026, mìsíc: None, poboèka: None [in C:\Users\Thu\Downloads\odberos\site\app.py:1353]
2026-01-22 12:35:07,022 INFO: Celkem v DB: 2 odbìrù, 1 reklamací [in C:\Users\Thu\Downloads\odberos\site\app.py:1361]
2026-01-22 12:35:07,025 INFO: Po filtrování podle roku 2026: 2 odbìrù, 1 reklamací [in C:\Users\Thu\Downloads\odberos\site\app.py:1375]
2026-01-22 12:35:07,138 INFO: Celkem odbìrù: 2, vydáno: 0, èástka: 0 [in C:\Users\Thu\Downloads\odberos\site\app.py:1482]
2026-01-22 12:35:07,141 INFO: Celkem reklamací: 1, cena: 799.0 [in C:\Users\Thu\Downloads\odberos\site\app.py:1491]
2026-01-22 16:39:42,604 INFO: Aplikace spuštìna [in C:\Users\Thu\Downloads\odberos\site\app.py:68]
2026-01-22 16:42:01,697 INFO: Aplikace spuštìna [in C:\Users\Thu\Downloads\odberos\site\app.py:68]
2026-01-22 16:47:35,479 INFO: Aplikace spuštìna [in C:\Users\Thu\Downloads\odberos\site\app.py:68]
2026-01-22 16:47:36,145 INFO: Pøidán sloupec barva do Reklamace [in C:\Users\Thu\Downloads\odberos\site\app.py:359]
2026-01-22 16:47:36,203 INFO: Pøidán sloupec datum_zakoupeni do Reklamace [in C:\Users\Thu\Downloads\odberos\site\app.py:375]
2026-01-22 16:47:36,247 INFO: Pøidán sloupec adresa do Pobocka [in C:\Users\Thu\Downloads\odberos\site\app.py:392]
2026-01-22 16:47:36,279 INFO: Pøidán sloupec firma do Pobocka [in C:\Users\Thu\Downloads\odberos\site\app.py:408]
2026-01-22 17:03:01,573 INFO: Aplikace spuštìna [in C:\Users\Thu\Downloads\odberos\site\app.py:68]
2026-01-22 17:03:13,515 INFO: Naèteno 2 poboèek, vybraný rok: 2026, mìsíc: None, poboèka: None [in C:\Users\Thu\Downloads\odberos\site\app.py:1475]
2026-01-22 17:03:13,535 INFO: Celkem v DB: 2 odbìrù, 2 reklamací [in C:\Users\Thu\Downloads\odberos\site\app.py:1483]
2026-01-22 17:03:13,549 INFO: Po filtrování podle roku 2026: 2 odbìrù, 2 reklamací [in C:\Users\Thu\Downloads\odberos\site\app.py:1497]
2026-01-22 17:03:13,676 INFO: Celkem odbìrù: 2, vydáno: 0, èástka: 0 [in C:\Users\Thu\Downloads\odberos\site\app.py:1604]
2026-01-22 17:03:13,680 INFO: Celkem reklamací: 2, cena: 1598.0 [in C:\Users\Thu\Downloads\odberos\site\app.py:1613]
2026-01-22 17:43:16,867 INFO: Naèteno 2 poboèek, vybraný rok: 2026, mìsíc: None, poboèka: None [in C:\Users\Thu\Downloads\odberos\site\app.py:1475]
2026-01-22 17:43:16,869 INFO: Celkem v DB: 2 odbìrù, 2 reklamací [in C:\Users\Thu\Downloads\odberos\site\app.py:1483]
2026-01-22 17:43:16,875 INFO: Po filtrování podle roku 2026: 2 odbìrù, 2 reklamací [in C:\Users\Thu\Downloads\odberos\site\app.py:1497]
2026-01-22 17:43:17,006 INFO: Celkem odbìrù: 2, vydáno: 0, èástka: 0 [in C:\Users\Thu\Downloads\odberos\site\app.py:1604]
2026-01-22 17:43:17,006 INFO: Celkem reklamací: 2, cena: 1598.0 [in C:\Users\Thu\Downloads\odberos\site\app.py:1613]
2026-01-22 17:45:11,400 INFO: Aplikace spuštìna [in C:\Users\Thu\Downloads\odberos\site\app.py:68]
2026-01-22 17:45:21,973 ERROR: Chyba pøi exportu do Excel: 'Odber' object has no attribute 'pobocka' [in C:\Users\Thu\Downloads\odberos\site\app.py:922]
2026-01-22 17:45:32,450 ERROR: Chyba pøi exportu do Excel: 'Odber' object has no attribute 'pobocka' [in C:\Users\Thu\Downloads\odberos\site\app.py:922]
2026-01-23 09:58:51,033 INFO: Aplikace spuštìna [in C:\Users\Thu\Downloads\odberos\site\app.py:68]
2026-01-23 09:59:00,075 WARNING: 404 chyba: http://127.0.0.1:5000/favicon.ico [in C:\Users\Thu\Downloads\odberos\site\app.py:1939]
2026-01-23 10:08:24,350 INFO: Zpracovávám poznámky pro odber_id: 3, nové poznámky: ... [in C:\Users\Thu\Downloads\odberos\site\app.py:1094]
2026-01-23 10:08:24,359 INFO: Poznámky úspìšnì uloženy pro odber_id: 3, poznamky: ... [in C:\Users\Thu\Downloads\odberos\site\app.py:1122]
2026-01-23 11:22:26,605 INFO: Naèteno 2 poboèek, vybraný rok: 2026, mìsíc: None, poboèka: None [in C:\Users\Thu\Downloads\odberos\site\app.py:1475]
2026-01-23 11:22:26,625 INFO: Celkem v DB: 3 odbìrù, 2 reklamací [in C:\Users\Thu\Downloads\odberos\site\app.py:1483]
2026-01-23 11:22:26,641 INFO: Po filtrování podle roku 2026: 3 odbìrù, 2 reklamací [in C:\Users\Thu\Downloads\odberos\site\app.py:1497]
2026-01-23 11:22:26,837 INFO: Celkem odbìrù: 3, vydáno: 0, èástka: 0 [in C:\Users\Thu\Downloads\odberos\site\app.py:1604]
2026-01-23 11:22:26,847 INFO: Celkem reklamací: 2, cena: 1598.0 [in C:\Users\Thu\Downloads\odberos\site\app.py:1613]
2026-01-23 11:22:39,129 ERROR: Chyba pøi exportu do Excel: 'Odber' object has no attribute 'pobocka' [in C:\Users\Thu\Downloads\odberos\site\app.py:922]
2026-01-27 14:55:53,047 INFO: Aplikace spuštìna [in C:\Users\Thu\Downloads\odberos\site\app.py:68]
2026-01-27 14:55:58,748 WARNING: 404 chyba: http://127.0.0.1:5000/favicon.ico [in C:\Users\Thu\Downloads\odberos\site\app.py:1939]
2026-01-27 14:56:13,733 INFO: Naèteno 2 poboèek, vybraný rok: 2026, mìsíc: None, poboèka: None [in C:\Users\Thu\Downloads\odberos\site\app.py:1475]
2026-01-27 14:56:13,753 INFO: Celkem v DB: 3 odbìrù, 2 reklamací [in C:\Users\Thu\Downloads\odberos\site\app.py:1483]
2026-01-27 14:56:13,767 INFO: Po filtrování podle roku 2026: 3 odbìrù, 2 reklamací [in C:\Users\Thu\Downloads\odberos\site\app.py:1497]
2026-01-27 14:56:13,888 INFO: Celkem odbìrù: 3, vydáno: 0, èástka: 0 [in C:\Users\Thu\Downloads\odberos\site\app.py:1604]
2026-01-27 14:56:13,898 INFO: Celkem reklamací: 2, cena: 1598.0 [in C:\Users\Thu\Downloads\odberos\site\app.py:1613]
2026-01-27 15:02:55,493 INFO: Aplikace spuštìna [in C:\Users\Thu\Downloads\odberos\site\app.py:72]
2026-01-27 18:07:24,865 INFO: Aplikace spuštìna [in C:\Users\Thu\Downloads\odberos\site\app.py:72]
2026-02-02 18:32:09,434 INFO: Aplikace spuštìna [in C:\Users\Thu\Downloads\odberos\site\app.py:72]
2026-02-02 18:32:14,509 WARNING: 404 chyba: http://127.0.0.1:5000/favicon.ico [in C:\Users\Thu\Downloads\odberos\site\app.py:1971]
2026-02-02 18:40:00,000 INFO: Aplikace spuštìna [in C:\Users\Thu\Downloads\odberos\site\app.py:72]
2026-02-02 18:47:39,961 INFO: Aplikace spuštìna [in C:\Users\Thu\Downloads\odberos\site\app.py:72]
2026-02-02 18:48:16,328 WARNING: 404 chyba: http://192.168.0.163:8080/favicon.ico [in C:\Users\Thu\Downloads\odberos\site\app.py:1971]
2026-02-02 18:50:51,523 WARNING: 404 chyba: http://192.168.0.163:8080/favicon.ico [in C:\Users\Thu\Downloads\odberos\site\app.py:1971]
2026-02-02 19:02:21,187 INFO: Aplikace spuštìna [in C:\Users\Thu\Downloads\odberos\site\app.py:72]
2026-02-02 19:07:51,566 INFO: Aplikace spuštìna [in C:\Users\Thu\Downloads\odberos\site\app.py:72]
2026-02-03 13:23:26,137 INFO: Aplikace spuštìna [in C:\Users\Thu\Downloads\odberos\site\app.py:72]
2026-02-03 13:24:20,020 WARNING: 404 chyba: http://192.168.0.163:8080/favicon.ico [in C:\Users\Thu\Downloads\odberos\site\app.py:2002]
2026-02-03 13:29:33,087 INFO: Aplikace spuštìna [in C:\Users\Thu\Downloads\odberos\site\app.py:72]
2026-02-03 16:00:33,512 INFO: Aplikace spuštìna [in C:\Users\Thu\Downloads\odberos\site\app.py:72]
2026-02-03 19:18:56,441 INFO: Aplikace spuštìna [in C:\Users\Thu\Downloads\odberos\site\app.py:72]
2026-02-04 12:01:30,862 INFO: Aplikace spuštìna [in C:\Users\Thu\Downloads\odberos\site\app.py:72]
2026-02-04 12:01:35,404 WARNING: 404 chyba: http://192.168.0.163:8080/favicon.ico [in C:\Users\Thu\Downloads\odberos\site\app.py:2066]
2026-02-04 12:05:14,874 INFO: Aplikace spuštìna [in C:\Users\Thu\Downloads\odberos\site\app.py:72]
2026-02-04 12:15:01,816 INFO: Aplikace spuštìna [in C:\Users\Thu\Downloads\odberos\site\app.py:72]
2026-02-04 12:29:59,247 INFO: Aplikace spuštìna [in C:\Users\Thu\Downloads\odberos\site\app.py:72]
2026-02-04 12:47:17,463 INFO: Aplikace spuštìna [in C:\Users\Thu\Downloads\odberos\site\app.py:72]
2026-02-04 12:50:15,044 INFO: Aplikace spuštìna [in C:\Users\Thu\Downloads\odberos\site\app.py:72]
2026-02-04 12:58:48,647 INFO: Aplikace spuštìna [in C:\Users\Thu\Downloads\odberos\site\app.py:72]
2026-02-04 14:16:07,622 INFO: Aplikace spuštìna [in C:\Users\Thu\Downloads\odberos\site\app.py:72]
2026-02-06 12:17:00,032 INFO: Aplikace spuštìna [in C:\Users\Thu\Downloads\odberos\site\app.py:72]
2026-02-06 12:17:01,211 WARNING: 404 chyba: http://192.168.0.163:8080/favicon.ico [in C:\Users\Thu\Downloads\odberos\site\app.py:2066]
2026-02-06 12:28:55,157 INFO: Aplikace spuštìna [in C:\Users\Thu\Downloads\odberos\site\app.py:72]
2026-02-06 12:52:44,216 INFO: Aplikace spuštìna [in C:\Users\Thu\Downloads\odberos\site\app.py:72]
2026-02-06 13:23:13,939 INFO: Aplikace spuštìna [in C:\Users\Thu\Downloads\odberos\site\app.py:72]
2026-02-06 13:23:14,009 INFO: Pøidán sloupec sleva_procent do Reklamace [in C:\Users\Thu\Downloads\odberos\site\app.py:520]
2026-02-06 13:31:23,432 INFO: Aplikace spuštìna [in C:\Users\Thu\Downloads\odberos\site\app.py:72]
2026-02-06 13:39:48,904 INFO: Aplikace spuštìna [in C:\Users\Thu\Downloads\odberos\site\app.py:72]
2026-02-06 13:39:48,952 INFO: Migrace: 1 reklamací pøevedeno ze stavu Sleva na Zamítnuto [in C:\Users\Thu\Downloads\odberos\site\app.py:540]
2026-02-06 13:44:26,076 INFO: Aplikace spuštìna [in C:\Users\Thu\Downloads\odberos\site\app.py:72]
2026-02-06 13:46:39,436 INFO: Aplikace spuštìna [in C:\Users\Thu\Downloads\odberos\site\app.py:72]
2026-02-06 13:55:40,380 INFO: Aplikace spuštìna [in C:\Users\Thu\Downloads\odberos\site\app.py:72]
2026-02-06 13:59:24,819 INFO: Aplikace spuštìna [in C:\Users\Thu\Downloads\odberos\site\app.py:72]
2026-02-06 14:03:08,698 INFO: Aplikace spuštìna [in C:\Users\Thu\Downloads\odberos\site\app.py:72]
2026-02-06 14:08:58,009 INFO: Aplikace spuštìna [in C:\Users\Thu\Downloads\odberos\site\app.py:72]
2026-02-06 14:12:29,787 INFO: Aplikace spuštìna [in C:\Users\Thu\Downloads\odberos\site\app.py:72]
2026-02-06 14:17:01,128 INFO: Aplikace spuštìna [in C:\Users\Thu\Downloads\odberos\site\app.py:72]
2026-02-06 14:21:33,602 INFO: Aplikace spuštìna [in C:\Users\Thu\Downloads\odberos\site\app.py:72]
2026-02-06 14:29:31,028 INFO: Aplikace spuštìna [in C:\Users\Thu\Downloads\odberos\site\app.py:72]
2026-02-06 14:29:31,090 INFO: Pøidán sloupec archived do Reklamace [in C:\Users\Thu\Downloads\odberos\site\app.py:556]
2026-02-06 14:29:31,090 INFO: Pøidán sloupec archived_at do Reklamace [in C:\Users\Thu\Downloads\odberos\site\app.py:570]
2026-02-06 14:31:23,207 INFO: Aplikace spuštìna [in C:\Users\Thu\Downloads\odberos\site\app.py:72]
